1571983760500	mozrunner::runner	INFO	Running command: "/Applications/Firefox.app/Contents/MacOS/firefox-bin" "-marionette" "-foreground" "-no-remote" "-profile" "/var/folders/hh/__1s3v410yl3889bz2dkk14c0000gt/T/rust_mozprofile.4E6DsDPwpocL"
1571983760952	addons.webextension.screenshots@mozilla.org	WARN	Loading extension 'screenshots@mozilla.org': Reading manifest: Invalid extension permission: mozillaAddons
1571983760952	addons.webextension.screenshots@mozilla.org	WARN	Loading extension 'screenshots@mozilla.org': Reading manifest: Invalid extension permission: telemetry
1571983760952	addons.webextension.screenshots@mozilla.org	WARN	Loading extension 'screenshots@mozilla.org': Reading manifest: Invalid extension permission: resource://pdf.js/
1571983760953	addons.webextension.screenshots@mozilla.org	WARN	Loading extension 'screenshots@mozilla.org': Reading manifest: Invalid extension permission: about:reader*
2019-10-24 23:09:21.647 firefox-bin[91572:3803004] CFPropertyListCreateFromXMLData(): Old-style plist parser: missing semicolon in dictionary on line 3. Parsing will be abandoned. Break on _CFPropertyListMissingSemicolon to debug.
2019-10-24 23:09:21.647 firefox-bin[91572:3803004] CFPropertyListCreateFromXMLData(): Old-style plist parser: missing semicolon in dictionary on line 3. Parsing will be abandoned. Break on _CFPropertyListMissingSemicolon to debug.
2019-10-24 23:09:21.647 firefox-bin[91572:3803004] CFPropertyListCreateFromXMLData(): Old-style plist parser: missing semicolon in dictionary on line 3. Parsing will be abandoned. Break on _CFPropertyListMissingSemicolon to debug.
2019-10-24 23:09:21.647 firefox-bin[91572:3803004] CFPropertyListCreateFromXMLData(): Old-style plist parser: missing semicolon in dictionary on line 3. Parsing will be abandoned. Break on _CFPropertyListMissingSemicolon to debug.
2019-10-24 23:09:21.647 firefox-bin[91572:3803004] CFPropertyListCreateFromXMLData(): Old-style plist parser: missing semicolon in dictionary on line 3. Parsing will be abandoned. Break on _CFPropertyListMissingSemicolon to debug.
1571983762529	Marionette	INFO	Listening on port 64731
1571983762551	Marionette	WARN	TLS certificate errors will be ignored for this session
1571983832809	mozrunner::runner	INFO	Running command: "/Applications/Firefox.app/Contents/MacOS/firefox-bin" "-marionette" "-foreground" "-no-remote" "-profile" "/var/folders/hh/__1s3v410yl3889bz2dkk14c0000gt/T/rust_mozprofile.VSrYG7pvc1Q9"
1571983833320	addons.webextension.screenshots@mozilla.org	WARN	Loading extension 'screenshots@mozilla.org': Reading manifest: Invalid extension permission: mozillaAddons
1571983833320	addons.webextension.screenshots@mozilla.org	WARN	Loading extension 'screenshots@mozilla.org': Reading manifest: Invalid extension permission: telemetry
1571983833320	addons.webextension.screenshots@mozilla.org	WARN	Loading extension 'screenshots@mozilla.org': Reading manifest: Invalid extension permission: resource://pdf.js/
1571983833320	addons.webextension.screenshots@mozilla.org	WARN	Loading extension 'screenshots@mozilla.org': Reading manifest: Invalid extension permission: about:reader*
2019-10-24 23:10:34.044 firefox-bin[91592:3803887] CFPropertyListCreateFromXMLData(): Old-style plist parser: missing semicolon in dictionary on line 3. Parsing will be abandoned. Break on _CFPropertyListMissingSemicolon to debug.
2019-10-24 23:10:34.044 firefox-bin[91592:3803887] CFPropertyListCreateFromXMLData(): Old-style plist parser: missing semicolon in dictionary on line 3. Parsing will be abandoned. Break on _CFPropertyListMissingSemicolon to debug.
2019-10-24 23:10:34.044 firefox-bin[91592:3803887] CFPropertyListCreateFromXMLData(): Old-style plist parser: missing semicolon in dictionary on line 3. Parsing will be abandoned. Break on _CFPropertyListMissingSemicolon to debug.
2019-10-24 23:10:34.044 firefox-bin[91592:3803887] CFPropertyListCreateFromXMLData(): Old-style plist parser: missing semicolon in dictionary on line 3. Parsing will be abandoned. Break on _CFPropertyListMissingSemicolon to debug.
2019-10-24 23:10:34.044 firefox-bin[91592:3803887] CFPropertyListCreateFromXMLData(): Old-style plist parser: missing semicolon in dictionary on line 3. Parsing will be abandoned. Break on _CFPropertyListMissingSemicolon to debug.
1571983834888	Marionette	INFO	Listening on port 65141
1571983834951	Marionette	WARN	TLS certificate errors will be ignored for this session
1571983875744	Marionette	INFO	Stopped listening on port 64731
[GFX1-]: Receive IPC close with reason=AbnormalShutdown
Exiting due to channel error.
[GFX1-]: Receive IPC close with reason=AbnormalShutdown
[GFX1-]: Receive IPC close with reason=AbnormalShutdown
Exiting due to channel error.
[Child 91594, Chrome_ChildThread] WARNING: pipe error: Broken pipe: file /builds/worker/workspace/build/src/ipc/chromium/src/chrome/common/ipc_channel_posix.cc, line 728
Exiting due to channel error.
1571983924132	mozrunner::runner	INFO	Running command: "/Applications/Firefox.app/Contents/MacOS/firefox-bin" "-marionette" "-foreground" "-no-remote" "-profile" "/var/folders/hh/__1s3v410yl3889bz2dkk14c0000gt/T/rust_mozprofile.tpCK459tfIeM"
1571983924558	addons.webextension.screenshots@mozilla.org	WARN	Loading extension 'screenshots@mozilla.org': Reading manifest: Invalid extension permission: mozillaAddons
1571983924559	addons.webextension.screenshots@mozilla.org	WARN	Loading extension 'screenshots@mozilla.org': Reading manifest: Invalid extension permission: telemetry
1571983924559	addons.webextension.screenshots@mozilla.org	WARN	Loading extension 'screenshots@mozilla.org': Reading manifest: Invalid extension permission: resource://pdf.js/
1571983924559	addons.webextension.screenshots@mozilla.org	WARN	Loading extension 'screenshots@mozilla.org': Reading manifest: Invalid extension permission: about:reader*
2019-10-24 23:12:05.302 firefox-bin[91623:3804983] CFPropertyListCreateFromXMLData(): Old-style plist parser: missing semicolon in dictionary on line 3. Parsing will be abandoned. Break on _CFPropertyListMissingSemicolon to debug.
2019-10-24 23:12:05.302 firefox-bin[91623:3804983] CFPropertyListCreateFromXMLData(): Old-style plist parser: missing semicolon in dictionary on line 3. Parsing will be abandoned. Break on _CFPropertyListMissingSemicolon to debug.
2019-10-24 23:12:05.302 firefox-bin[91623:3804983] CFPropertyListCreateFromXMLData(): Old-style plist parser: missing semicolon in dictionary on line 3. Parsing will be abandoned. Break on _CFPropertyListMissingSemicolon to debug.
2019-10-24 23:12:05.303 firefox-bin[91623:3804983] CFPropertyListCreateFromXMLData(): Old-style plist parser: missing semicolon in dictionary on line 3. Parsing will be abandoned. Break on _CFPropertyListMissingSemicolon to debug.
2019-10-24 23:12:05.303 firefox-bin[91623:3804983] CFPropertyListCreateFromXMLData(): Old-style plist parser: missing semicolon in dictionary on line 3. Parsing will be abandoned. Break on _CFPropertyListMissingSemicolon to debug.
1571983926099	Marionette	INFO	Listening on port 49253
1571983926194	Marionette	WARN	TLS certificate errors will be ignored for this session
1571983970515	Marionette	WARN	TimedPromise timed out after 0 ms: stacktrace:
bail@chrome://marionette/content/sync.js:237:64
1571983972209	Marionette	WARN	TimedPromise timed out after 0 ms: stacktrace:
bail@chrome://marionette/content/sync.js:237:64
1571983974306	Marionette	WARN	TimedPromise timed out after 0 ms: stacktrace:
bail@chrome://marionette/content/sync.js:237:64
JavaScript error: https://gum.criteo.com/syncframe?topUrl=www.okcupid.com#{%22optout%22:{%22value%22:false,%22origin%22:0},%22uid%22:{%22origin%22:0},%22idfs%22:{%22origin%22:0},%22sid%22:{%22origin%22:0},%22origin%22:%22publishertag%22,%22version%22:75,%22lwid%22:{%22value%22:%22ff5ed2bc-78b2-46b8-b036-ce52fa867fb2%22,%22origin%22:3},%22tld%22:%22okcupid.com%22,%22bundle%22:{%22origin%22:0},%22topUrl%22:%22www.okcupid.com%22,%22cw%22:true}, line 12: SecurityError: The operation is insecure.
JavaScript error: https://gum.criteo.com/syncframe?topUrl=www.okcupid.com#{%22optout%22:{%22value%22:false,%22origin%22:0},%22uid%22:{%22origin%22:0},%22idfs%22:{%22origin%22:0},%22sid%22:{%22origin%22:0},%22origin%22:%22publishertag%22,%22version%22:75,%22lwid%22:{%22value%22:%22ff5ed2bc-78b2-46b8-b036-ce52fa867fb2%22,%22origin%22:3},%22tld%22:%22okcupid.com%22,%22bundle%22:{%22origin%22:0},%22topUrl%22:%22www.okcupid.com%22,%22cw%22:true}, line 12: SecurityError: The operation is insecure.
1571983975871	Marionette	WARN	TimedPromise timed out after 0 ms: stacktrace:
bail@chrome://marionette/content/sync.js:237:64
JavaScript error: https://gum.criteo.com/syncframe?topUrl=www.okcupid.com#{%22optout%22:{%22value%22:false,%22origin%22:0},%22uid%22:{%22origin%22:0},%22idfs%22:{%22origin%22:0},%22sid%22:{%22origin%22:0},%22origin%22:%22publishertag%22,%22version%22:75,%22lwid%22:{%22value%22:%22ff5ed2bc-78b2-46b8-b036-ce52fa867fb2%22,%22origin%22:3},%22tld%22:%22okcupid.com%22,%22bundle%22:{%22origin%22:0},%22topUrl%22:%22www.okcupid.com%22,%22cw%22:true}, line 12: SecurityError: The operation is insecure.
1571983977480	Marionette	WARN	TimedPromise timed out after 0 ms: stacktrace:
bail@chrome://marionette/content/sync.js:237:64
1571983981405	Marionette	INFO	Stopped listening on port 49253
